\BOOKMARK [0][-]{chapter.1}{Introducci\363n y motivaci\363n}{}% 1
\BOOKMARK [1][-]{section.1.1}{Software libre}{chapter.1}% 2
\BOOKMARK [1][-]{section.1.2}{Hardware principal utilizado en el proyecto}{chapter.1}% 3
\BOOKMARK [2][-]{subsection.1.2.1}{ESP8266}{section.1.2}% 4
\BOOKMARK [2][-]{subsection.1.2.2}{Raspberry Pi}{section.1.2}% 5
\BOOKMARK [1][-]{section.1.3}{Sensores de energ\355a en el mercado actual.}{chapter.1}% 6
\BOOKMARK [1][-]{section.1.4}{Tabla comparativa de sensores de energ\355a en el mercado.}{chapter.1}% 7
\BOOKMARK [1][-]{section.1.5}{Porqu\351 hacer nuestro propio monitor}{chapter.1}% 8
\BOOKMARK [0][-]{chapter.2}{Objetivos}{}% 9
\BOOKMARK [1][-]{section.2.1}{Diagrama objetivos}{chapter.2}% 10
\BOOKMARK [1][-]{section.2.2}{Conocimientos necesarios para alcanzar estos objetivos.}{chapter.2}% 11
\BOOKMARK [0][-]{chapter.3}{Planificaci\363n y presupuesto}{}% 12
\BOOKMARK [1][-]{section.3.1}{Planificaci\363n del trabajo}{chapter.3}% 13
\BOOKMARK [1][-]{section.3.2}{Presupuesto del proyecto}{chapter.3}% 14
\BOOKMARK [0][-]{chapter.4}{M\363dulo hardware}{}% 15
\BOOKMARK [1][-]{section.4.1}{Requisitos}{chapter.4}% 16
\BOOKMARK [2][-]{subsection.4.1.1}{Requisitos funcionales}{section.4.1}% 17
\BOOKMARK [2][-]{subsection.4.1.2}{Requisitos no funcionales}{section.4.1}% 18
\BOOKMARK [1][-]{section.4.2}{Planificaci\363n}{chapter.4}% 19
\BOOKMARK [1][-]{section.4.3}{Arquitectura del sistema}{chapter.4}% 20
\BOOKMARK [2][-]{subsection.4.3.1}{M\363dulo principal}{section.4.3}% 21
\BOOKMARK [2][-]{subsection.4.3.2}{M\363dulo sensor}{section.4.3}% 22
\BOOKMARK [2][-]{subsection.4.3.3}{M\363dulo conversor anal\363gico digital}{section.4.3}% 23
\BOOKMARK [2][-]{subsection.4.3.4}{M\363dulo pantalla}{section.4.3}% 24
\BOOKMARK [1][-]{section.4.4}{Coste unitario}{chapter.4}% 25
\BOOKMARK [1][-]{section.4.5}{Prototipos}{chapter.4}% 26
\BOOKMARK [1][-]{section.4.6}{Versiones finales}{chapter.4}% 27
\BOOKMARK [1][-]{section.4.7}{Montaje de la caja}{chapter.4}% 28
\BOOKMARK [0][-]{chapter.5}{M\363dulo firmware}{}% 29
\BOOKMARK [1][-]{section.5.1}{Requisitos}{chapter.5}% 30
\BOOKMARK [2][-]{subsection.5.1.1}{Requisitos funcionales}{section.5.1}% 31
\BOOKMARK [2][-]{subsection.5.1.2}{Requisitos no funcionales}{section.5.1}% 32
\BOOKMARK [1][-]{section.5.2}{Planificaci\363n}{chapter.5}% 33
\BOOKMARK [1][-]{section.5.3}{Arquitectura del firmware}{chapter.5}% 34
\BOOKMARK [2][-]{subsection.5.3.1}{M\363dulo de lectura de sensor y c\341lculo de irms y potencia}{section.5.3}% 35
\BOOKMARK [2][-]{subsection.5.3.2}{M\363dulo para mostrar informaci\363n en la pantalla LCD}{section.5.3}% 36
\BOOKMARK [2][-]{subsection.5.3.3}{M\363dulo env\355o de informaci\363n al servidor}{section.5.3}% 37
\BOOKMARK [0][-]{chapter.6}{M\363dulo servidor}{}% 38
\BOOKMARK [1][-]{section.6.1}{Requisitos}{chapter.6}% 39
\BOOKMARK [2][-]{subsection.6.1.1}{Requisitos funcionales}{section.6.1}% 40
\BOOKMARK [2][-]{subsection.6.1.2}{Requisitos no funcionales}{section.6.1}% 41
\BOOKMARK [1][-]{section.6.2}{Backend}{chapter.6}% 42
\BOOKMARK [1][-]{section.6.3}{Frontend}{chapter.6}% 43
\BOOKMARK [1][-]{section.6.4}{Servidor}{chapter.6}% 44
\BOOKMARK [2][-]{subsection.6.4.1}{Sistema Operativo}{section.6.4}% 45
\BOOKMARK [2][-]{subsection.6.4.2}{Aprovisionamiento }{section.6.4}% 46
\BOOKMARK [2][-]{subsection.6.4.3}{Iniciar aplicaci\363n web }{section.6.4}% 47
\BOOKMARK [2][-]{subsection.6.4.4}{IP est\341tica Raspberry }{section.6.4}% 48
\BOOKMARK [2][-]{subsection.6.4.5}{Aspecto final de la p\341gina}{section.6.4}% 49
\BOOKMARK [0][-]{chapter.7}{Pruebas}{}% 50
\BOOKMARK [0][-]{chapter.8}{Experimentaci\363n}{}% 51
\BOOKMARK [1][-]{section.8.1}{Comparativas con aparatos reales}{chapter.8}% 52
\BOOKMARK [1][-]{section.8.2}{Prueba consumo constante}{chapter.8}% 53
\BOOKMARK [1][-]{section.8.3}{Prueba con un electrodom\351stico real}{chapter.8}% 54
\BOOKMARK [1][-]{section.8.4}{Posibilidades de explotaci\363n de un dispositivo como el presentado}{chapter.8}% 55
\BOOKMARK [0][-]{chapter.9}{Conclusiones y trabajos futuros}{}% 56
\BOOKMARK [1][-]{section.9.1}{Trabajos futuros}{chapter.9}% 57
\BOOKMARK [0][-]{appendix.Alph1}{Anexo}{}% 58
\BOOKMARK [1][-]{section.Alph1.1}{Como flashear firmware en el ESP8266}{appendix.Alph1}% 59
\BOOKMARK [0][-]{appendix*.8}{Bibliograf\355a}{}% 60
